<?xml version="1.0" encoding="UTF-8"?>
<!-- Generated by org.testng.reporters.JUnitXMLReporter -->
<testsuite ignored="0" hostname="AUTOOCh8mA1Bls5" failures="0" tests="5" name="Default test" time="5.105" errors="0" timestamp="2025-04-02T11:07:31 IST">
  <testcase classname="Restassured.EtE" name="createUser" time="3.326"/>
  <testcase classname="Restassured.EtE" name="GetUsers" time="0.312"/>
  <testcase classname="Restassured.EtE" name="updateUser" time="0.573"/>
  <testcase classname="Restassured.EtE" name="deleteUser" time="0.557"/>
  <testcase classname="Restassured.SingleAPI" name="GetUsers" time="0.293"/>
</testsuite> <!-- Default test -->
