<?xml version="1.0" encoding="UTF-8"?>
<testng-results ignored="0" total="5" passed="5" failed="0" skipped="0">
  <reporter-output>
  </reporter-output>
  <suite started-at="2025-04-02T11:07:26 IST" name="Default suite" finished-at="2025-04-02T11:07:31 IST" duration-ms="5105">
    <groups>
    </groups>
    <test started-at="2025-04-02T11:07:26 IST" name="Default test" finished-at="2025-04-02T11:07:31 IST" duration-ms="5105">
      <class name="Restassured.EtE">
        <test-method is-config="true" signature="setUpReport()[pri:0, instance:Restassured.EtE@3270d194]" started-at="2025-04-02T11:07:26 IST" name="setUpReport" finished-at="2025-04-02T11:07:26 IST" duration-ms="240" status="PASS">
          <reporter-output>
          </reporter-output>
        </test-method> <!-- setUpReport -->
        <test-method signature="createUser()[pri:1, instance:Restassured.EtE@3270d194]" started-at="2025-04-02T11:07:26 IST" name="createUser" finished-at="2025-04-02T11:07:29 IST" duration-ms="3326" status="PASS">
          <reporter-output>
          </reporter-output>
        </test-method> <!-- createUser -->
        <test-method signature="GetUsers()[pri:2, instance:Restassured.EtE@3270d194]" started-at="2025-04-02T11:07:29 IST" name="GetUsers" finished-at="2025-04-02T11:07:30 IST" duration-ms="312" status="PASS">
          <reporter-output>
          </reporter-output>
        </test-method> <!-- GetUsers -->
        <test-method signature="updateUser()[pri:3, instance:Restassured.EtE@3270d194]" started-at="2025-04-02T11:07:30 IST" name="updateUser" finished-at="2025-04-02T11:07:30 IST" duration-ms="573" status="PASS">
          <reporter-output>
          </reporter-output>
        </test-method> <!-- updateUser -->
        <test-method signature="deleteUser()[pri:4, instance:Restassured.EtE@3270d194]" started-at="2025-04-02T11:07:30 IST" name="deleteUser" finished-at="2025-04-02T11:07:31 IST" duration-ms="557" status="PASS">
          <reporter-output>
          </reporter-output>
        </test-method> <!-- deleteUser -->
        <test-method is-config="true" signature="tearDownReport()[pri:0, instance:Restassured.EtE@3270d194]" started-at="2025-04-02T11:07:31 IST" name="tearDownReport" finished-at="2025-04-02T11:07:31 IST" duration-ms="289" status="PASS">
          <reporter-output>
          </reporter-output>
        </test-method> <!-- tearDownReport -->
      </class> <!-- Restassured.EtE -->
      <class name="Restassured.SingleAPI">
        <test-method signature="GetUsers()[pri:1, instance:Restassured.SingleAPI@77888435]" started-at="2025-04-02T11:07:31 IST" name="GetUsers" finished-at="2025-04-02T11:07:31 IST" duration-ms="293" status="PASS">
          <reporter-output>
          </reporter-output>
        </test-method> <!-- GetUsers -->
      </class> <!-- Restassured.SingleAPI -->
    </test> <!-- Default test -->
  </suite> <!-- Default suite -->
</testng-results>
